1602580035.092574 client started (95814): version 3.1b, socket /private/tmp/tmux-501/default, protocol 8
1602580035.092626 on Darwin 19.5.0 Darwin Kernel Version 19.5.0: Tue May 26 20:41:44 PDT 2020; root:xnu-6153.121.2~2/RELEASE_X86_64; libevent 2.1.12-stable (select)
1602580035.092681 socket is /private/tmp/tmux-501/default
1602580035.092704 trying connect
1602580035.092810 add peer 0x7ff2cf531000: 6 (0x0)
1602580035.094182 sending message 100 to peer 0x7ff2cf531000 (4 bytes)
1602580035.094206 sending message 101 to peer 0x7ff2cf531000 (15 bytes)
1602580035.094216 sending message 102 to peer 0x7ff2cf531000 (13 bytes)
1602580035.094224 sending message 108 to peer 0x7ff2cf531000 (42 bytes)
1602580035.094245 sending message 104 to peer 0x7ff2cf531000 (0 bytes)
1602580035.094254 sending message 107 to peer 0x7ff2cf531000 (4 bytes)
1602580035.094262 sending message 105 to peer 0x7ff2cf531000 (12 bytes)
1602580035.094270 sending message 105 to peer 0x7ff2cf531000 (52 bytes)
1602580035.094278 sending message 105 to peer 0x7ff2cf531000 (52 bytes)
1602580035.094286 sending message 105 to peer 0x7ff2cf531000 (25 bytes)
1602580035.094294 sending message 105 to peer 0x7ff2cf531000 (22 bytes)
1602580035.094302 sending message 105 to peer 0x7ff2cf531000 (61 bytes)
1602580035.094310 sending message 105 to peer 0x7ff2cf531000 (19 bytes)
1602580035.094318 sending message 105 to peer 0x7ff2cf531000 (27 bytes)
1602580035.094326 sending message 105 to peer 0x7ff2cf531000 (8 bytes)
1602580035.094334 sending message 105 to peer 0x7ff2cf531000 (21 bytes)
1602580035.094342 sending message 105 to peer 0x7ff2cf531000 (32 bytes)
1602580035.094350 sending message 105 to peer 0x7ff2cf531000 (54 bytes)
1602580035.094358 sending message 105 to peer 0x7ff2cf531000 (49 bytes)
1602580035.094366 sending message 105 to peer 0x7ff2cf531000 (11 bytes)
1602580035.094374 sending message 105 to peer 0x7ff2cf531000 (244 bytes)
1602580035.094382 sending message 105 to peer 0x7ff2cf531000 (46 bytes)
1602580035.094390 sending message 105 to peer 0x7ff2cf531000 (24 bytes)
1602580035.094397 sending message 105 to peer 0x7ff2cf531000 (15 bytes)
1602580035.094405 sending message 105 to peer 0x7ff2cf531000 (8 bytes)
1602580035.094413 sending message 105 to peer 0x7ff2cf531000 (66 bytes)
1602580035.094421 sending message 105 to peer 0x7ff2cf531000 (20 bytes)
1602580035.094429 sending message 105 to peer 0x7ff2cf531000 (23 bytes)
1602580035.094437 sending message 105 to peer 0x7ff2cf531000 (28 bytes)
1602580035.094445 sending message 105 to peer 0x7ff2cf531000 (60 bytes)
1602580035.094453 sending message 105 to peer 0x7ff2cf531000 (57 bytes)
1602580035.094461 sending message 105 to peer 0x7ff2cf531000 (43 bytes)
1602580035.094468 sending message 105 to peer 0x7ff2cf531000 (13 bytes)
1602580035.094476 sending message 105 to peer 0x7ff2cf531000 (18 bytes)
1602580035.094484 sending message 105 to peer 0x7ff2cf531000 (14 bytes)
1602580035.094492 sending message 105 to peer 0x7ff2cf531000 (19 bytes)
1602580035.094500 sending message 105 to peer 0x7ff2cf531000 (35 bytes)
1602580035.094507 sending message 105 to peer 0x7ff2cf531000 (38 bytes)
1602580035.094515 sending message 105 to peer 0x7ff2cf531000 (68 bytes)
1602580035.094523 sending message 105 to peer 0x7ff2cf531000 (17 bytes)
1602580035.094531 sending message 105 to peer 0x7ff2cf531000 (56 bytes)
1602580035.094539 sending message 105 to peer 0x7ff2cf531000 (82 bytes)
1602580035.094547 sending message 105 to peer 0x7ff2cf531000 (53 bytes)
1602580035.094555 sending message 105 to peer 0x7ff2cf531000 (60 bytes)
1602580035.094563 sending message 105 to peer 0x7ff2cf531000 (57 bytes)
1602580035.094571 sending message 105 to peer 0x7ff2cf531000 (56 bytes)
1602580035.094578 sending message 105 to peer 0x7ff2cf531000 (77 bytes)
1602580035.094586 sending message 105 to peer 0x7ff2cf531000 (55 bytes)
1602580035.094594 sending message 105 to peer 0x7ff2cf531000 (29 bytes)
1602580035.094602 sending message 105 to peer 0x7ff2cf531000 (15 bytes)
1602580035.094610 sending message 105 to peer 0x7ff2cf531000 (22 bytes)
1602580035.094618 sending message 106 to peer 0x7ff2cf531000 (0 bytes)
1602580035.094654 sending message 200 to peer 0x7ff2cf531000 (4 bytes)
1602580035.094661 client loop enter
1602580035.096256 peer 0x7ff2cf531000 message 207
1602580035.096276 sending message 208 to peer 0x7ff2cf531000 (0 bytes)
1602580039.501111 peer 0x7ff2cf531000 message 203
1602580039.501130 sending message 205 to peer 0x7ff2cf531000 (0 bytes)
1602580039.501412 peer 0x7ff2cf531000 message 204
1602580039.501431 client loop exit
